Step: step-credential-initializer-hhvpc:

{"level":"warn","ts":1565636241.1763742,"logger":"fallback-logger","caller":"logging/config.go:69","msg":"Fetch GitHub commit ID from kodata failed: \"ref: refs/heads/master\" is not a valid GitHub commit ID"}
{"level":"info","ts":1565636241.1767998,"logger":"fallback-logger","caller":"creds-init/main.go:40","msg":"Credentials initialized."}
Step: step-working-dir-initializer-zjq9h:

{"level":"warn","ts":1565636242.161245,"logger":"fallback-logger","caller":"logging/config.go:69","msg":"Fetch GitHub commit ID from kodata failed: open /var/run/ko/HEAD: no such file or directory"}
{"level":"info","ts":1565636242.1728544,"logger":"fallback-logger","caller":"bash/main.go:65","msg":"Successfully executed command \"mkdir -p /workspace/source\""}
Step: step-place-tools:

Step: step-git-source-meta-**********-demo-2-pr-1-ser-p2dt6:

{"level":"warn","ts":1565636247.1305563,"logger":"fallback-logger","caller":"logging/config.go:69","msg":"Fetch GitHub commit ID from kodata failed: \"ref: refs/heads/master\" is not a valid GitHub commit ID"}
{"level":"info","ts":1565636247.4359727,"logger":"fallback-logger","caller":"git/git.go:102","msg":"Successfully cloned https://github.com/**********/demo-2.git @ 976df982cf87ecf82ff70049a978ea0caae38fdb in path /workspace/source"}
Step: step-git-merge:

{"level":"info","msg":"Using SHAs from PULL_REFS=master:976df982cf87ecf82ff70049a978ea0caae38fdb,1:a4fa980d30ecbeb57691a02b8549e7f3c263457c","time":"2019-08-12T18:57:28Z"}
{"level":"debug","msg":"ran git fetch --unshallow origin a4fa980d30ecbeb57691a02b8549e7f3c263457c: 976df982cf87ecf82ff70049a978ea0caae38fdb: in ","time":"2019-08-12T18:57:28Z"}
{"level":"debug","msg":"ran git checkout master in ","time":"2019-08-12T18:57:28Z"}
{"level":"debug","msg":"ran git reset --hard 976df982cf87ecf82ff70049a978ea0caae38fdb in ","time":"2019-08-12T18:57:28Z"}
{"level":"debug","msg":"ran clean --force -d . in ","time":"2019-08-12T18:57:28Z"}
{"level":"debug","msg":"ran git merge a4fa980d30ecbeb57691a02b8549e7f3c263457c in ","time":"2019-08-12T18:57:28Z"}
MERGED SHA SUBJECT
a4fa980d3  Update 1 to demo-1 project
Step: step-merge-pull-refs:

{"level":"debug","msg":"ran git fetch origin a4fa980d30ecbeb57691a02b8549e7f3c263457c: 976df982cf87ecf82ff70049a978ea0caae38fdb: in ","time":"2019-08-12T18:57:29Z"}
{"level":"debug","msg":"Unshallowed git repo in ","time":"2019-08-12T18:57:29Z"}
{"level":"debug","msg":"ran git checkout master in ","time":"2019-08-12T18:57:29Z"}
{"level":"debug","msg":"ran git reset --hard 976df982cf87ecf82ff70049a978ea0caae38fdb in ","time":"2019-08-12T18:57:29Z"}
{"level":"debug","msg":"ran clean --force -d . in ","time":"2019-08-12T18:57:29Z"}
{"level":"debug","msg":"ran git merge a4fa980d30ecbeb57691a02b8549e7f3c263457c in ","time":"2019-08-12T18:57:29Z"}
MERGED SHA SUBJECT
a4fa980d3  Update 1 to demo-1 project
Step: step-create-effective-pipeline:

{"level":"info","msg":"Deleting and cloning the Jenkins X versions repo","time":"2019-08-12T18:57:30Z"}
{"level":"info","msg":"Cloning the Jenkins X versions repo https://github.com/jenkins-x/jenkins-x-versions.git with ref refs/heads/master to /builder/home/.**/jenkins-x-versions","time":"2019-08-12T18:57:30Z"}
{"level":"info","msg":"Effective pipeline written to jenkins-x-serverless-jenkins-effective.yml","time":"2019-08-12T18:57:31Z"}
Step: step-create-tekton-crds:

{"level":"warning","msg":"failed to find secret kaniko-secret in namespace **: secrets \"kaniko-secret\" not found","time":"2019-08-12T18:57:32Z"}
{"level":"info","msg":"PipelineActivity for **********-demo-2-PR-1-1","time":"2019-08-12T18:57:32Z"}
{"level":"info","msg":"Applying changes ","time":"2019-08-12T18:57:32Z"}
{"level":"info","msg":"Checking if batch build reconciling is needed","time":"2019-08-12T18:57:32Z"}
{"level":"info","msg":"upserted PipelineResource **********-demo-2-pr-1-serverle for the git repository https://github.com/**********/demo-2.git and branch PR-1","time":"2019-08-12T18:57:32Z"}
{"level":"info","msg":"upserted Task **********-demo-2-pr-1-serverle-from-build-pack-1","time":"2019-08-12T18:57:32Z"}
{"level":"info","msg":"upserted Pipeline **********-demo-2-pr-1-serverle-1","time":"2019-08-12T18:57:32Z"}
{"level":"info","msg":"created PipelineRun **********-demo-2-pr-1-serverle-1","time":"2019-08-12T18:57:32Z"}
{"level":"info","msg":"created PipelineStructure **********-demo-2-pr-1-serverle-1","time":"2019-08-12T18:57:32Z"}
